# JRE version: Java(TM) SE Runtime Environment (8.0_92-b14) (build 1.8.0_92-b14)
# Java VM: Java HotSpot(TM) 64-Bit Server VM (25.92-b14 mixed mode windows-amd64 compressed oops)
Heap:
 PSYoungGen      total 229888K, used 112773K [0x000000076b400000, 0x0000000780380000, 0x00000007c0000000)
  eden space 211968K, 44% used [0x000000076b400000,0x00000007710a2678,0x0000000778300000)
  from space 17920K, 99% used [0x0000000778300000,0x000000077947f180,0x0000000779480000)
  to   space 20480K, 0% used [0x000000077ef80000,0x000000077ef80000,0x0000000780380000)
 ParOldGen       total 159744K, used 27019K [0x00000006c1c00000, 0x00000006cb800000, 0x000000076b400000)
  object space 159744K, 16% used [0x00000006c1c00000,0x00000006c3662c20,0x00000006cb800000)
 Metaspace       used 48738K, capacity 49266K, committed 49792K, reserved 1093632K
  class space    used 6287K, capacity 6416K, committed 6528K, reserved 1048576K
GC Heap History (10 events):
Event: 1.637 GC heap before
{Heap before GC invocations=5 (full 1):
 PSYoungGen      total 141824K, used 8697K [0x000000076b400000, 0x0000000774900000, 0x00000007c0000000)
  eden space 131072K, 0% used [0x000000076b400000,0x000000076b400000,0x0000000773400000)
  from space 10752K, 80% used [0x0000000773e80000,0x00000007746fe4f8,0x0000000774900000)
  to   space 10752K, 0% used [0x0000000773400000,0x0000000773400000,0x0000000773e80000)
 ParOldGen       total 175104K, used 112K [0x00000006c1c00000, 0x00000006cc700000, 0x000000076b400000)
  object space 175104K, 0% used [0x00000006c1c00000,0x00000006c1c1c010,0x00000006cc700000)
 Metaspace       used 20910K, capacity 21196K, committed 21296K, reserved 1069056K
  class space    used 2619K, capacity 2685K, committed 2688K, reserved 1048576K
Event: 1.669 GC heap after
Heap after GC invocations=5 (full 1):
 PSYoungGen      total 141824K, used 0K [0x000000076b400000, 0x0000000774900000, 0x00000007c0000000)
  eden space 131072K, 0% used [0x000000076b400000,0x000000076b400000,0x0000000773400000)
  from space 10752K, 0% used [0x0000000773e80000,0x0000000773e80000,0x0000000774900000)
  to   space 10752K, 0% used [0x0000000773400000,0x0000000773400000,0x0000000773e80000)
 ParOldGen       total 93696K, used 8520K [0x00000006c1c00000, 0x00000006c7780000, 0x000000076b400000)
  object space 93696K, 9% used [0x00000006c1c00000,0x00000006c24522c8,0x00000006c7780000)
 Metaspace       used 20910K, capacity 21196K, committed 21296K, reserved 1069056K
  class space    used 2619K, capacity 2685K, committed 2688K, reserved 1048576K
}
Event: 2.379 GC heap before
{Heap before GC invocations=6 (full 1):
 PSYoungGen      total 141824K, used 131072K [0x000000076b400000, 0x0000000774900000, 0x00000007c0000000)
  eden space 131072K, 100% used [0x000000076b400000,0x0000000773400000,0x0000000773400000)
  from space 10752K, 0% used [0x0000000773e80000,0x0000000773e80000,0x0000000774900000)
  to   space 10752K, 0% used [0x0000000773400000,0x0000000773400000,0x0000000773e80000)
 ParOldGen       total 93696K, used 8520K [0x00000006c1c00000, 0x00000006c7780000, 0x000000076b400000)
  object space 93696K, 9% used [0x00000006c1c00000,0x00000006c24522c8,0x00000006c7780000)
 Metaspace       used 26809K, capacity 27160K, committed 27392K, reserved 1073152K
  class space    used 3409K, capacity 3503K, committed 3584K, reserved 1048576K
Event: 2.386 GC heap after
Heap after GC invocations=6 (full 1):
 PSYoungGen      total 141824K, used 10751K [0x000000076b400000, 0x000000077a180000, 0x00000007c0000000)
  eden space 131072K, 0% used [0x000000076b400000,0x000000076b400000,0x0000000773400000)
  from space 10752K, 99% used [0x0000000773400000,0x0000000773e7fe90,0x0000000773e80000)
  to   space 12800K, 0% used [0x0000000779500000,0x0000000779500000,0x000000077a180000)
 ParOldGen       total 93696K, used 10504K [0x00000006c1c00000, 0x00000006c7780000, 0x000000076b400000)
  object space 93696K, 11% used [0x00000006c1c00000,0x00000006c2642288,0x00000006c7780000)
 Metaspace       used 26809K, capacity 27160K, committed 27392K, reserved 1073152K
  class space    used 3409K, capacity 3503K, committed 3584K, reserved 1048576K
}
Event: 3.344 GC heap before
{Heap before GC invocations=7 (full 1):
 PSYoungGen      total 141824K, used 135608K [0x000000076b400000, 0x000000077a180000, 0x00000007c0000000)
  eden space 131072K, 95% used [0x000000076b400000,0x0000000772dee560,0x0000000773400000)
  from space 10752K, 99% used [0x0000000773400000,0x0000000773e7fe90,0x0000000773e80000)
  to   space 12800K, 0% used [0x0000000779500000,0x0000000779500000,0x000000077a180000)
 ParOldGen       total 93696K, used 10504K [0x00000006c1c00000, 0x00000006c7780000, 0x000000076b400000)
  object space 93696K, 11% used [0x00000006c1c00000,0x00000006c2642288,0x00000006c7780000)
 Metaspace       used 34959K, capacity 35348K, committed 35496K, reserved 1081344K
  class space    used 4505K, capacity 4601K, committed 4608K, reserved 1048576K
Event: 3.356 GC heap after
Heap after GC invocations=7 (full 1):
 PSYoungGen      total 224768K, used 12770K [0x000000076b400000, 0x000000077a600000, 0x00000007c0000000)
  eden space 211968K, 0% used [0x000000076b400000,0x000000076b400000,0x0000000778300000)
  from space 12800K, 99% used [0x0000000779500000,0x000000077a178b88,0x000000077a180000)
  to   space 17920K, 0% used [0x0000000778300000,0x0000000778300000,0x0000000779480000)
 ParOldGen       total 93696K, used 16915K [0x00000006c1c00000, 0x00000006c7780000, 0x000000076b400000)
  object space 93696K, 18% used [0x00000006c1c00000,0x00000006c2c84d28,0x00000006c7780000)
 Metaspace       used 34959K, capacity 35348K, committed 35496K, reserved 1081344K
  class space    used 4505K, capacity 4601K, committed 4608K, reserved 1048576K
}
Event: 3.356 GC heap before
{Heap before GC invocations=8 (full 2):
 PSYoungGen      total 224768K, used 12770K [0x000000076b400000, 0x000000077a600000, 0x00000007c0000000)
  eden space 211968K, 0% used [0x000000076b400000,0x000000076b400000,0x0000000778300000)
  from space 12800K, 99% used [0x0000000779500000,0x000000077a178b88,0x000000077a180000)
  to   space 17920K, 0% used [0x0000000778300000,0x0000000778300000,0x0000000779480000)
 ParOldGen       total 93696K, used 16915K [0x00000006c1c00000, 0x00000006c7780000, 0x000000076b400000)
  object space 93696K, 18% used [0x00000006c1c00000,0x00000006c2c84d28,0x00000006c7780000)
 Metaspace       used 34959K, capacity 35348K, committed 35496K, reserved 1081344K
  class space    used 4505K, capacity 4601K, committed 4608K, reserved 1048576K
Event: 3.432 GC heap after
Heap after GC invocations=8 (full 2):
 PSYoungGen      total 224768K, used 0K [0x000000076b400000, 0x000000077a600000, 0x00000007c0000000)
  eden space 211968K, 0% used [0x000000076b400000,0x000000076b400000,0x0000000778300000)
  from space 12800K, 0% used [0x0000000779500000,0x0000000779500000,0x000000077a180000)
  to   space 17920K, 0% used [0x0000000778300000,0x0000000778300000,0x0000000779480000)
 ParOldGen       total 159744K, used 26402K [0x00000006c1c00000, 0x00000006cb800000, 0x000000076b400000)
  object space 159744K, 16% used [0x00000006c1c00000,0x00000006c35c89e0,0x00000006cb800000)
 Metaspace       used 34959K, capacity 35348K, committed 35496K, reserved 1081344K
  class space    used 4505K, capacity 4601K, committed 4608K, reserved 1048576K
}
Event: 13.738 GC heap before
{Heap before GC invocations=9 (full 2):
 PSYoungGen      total 224768K, used 211968K [0x000000076b400000, 0x000000077a600000, 0x00000007c0000000)
  eden space 211968K, 100% used [0x000000076b400000,0x0000000778300000,0x0000000778300000)
  from space 12800K, 0% used [0x0000000779500000,0x0000000779500000,0x000000077a180000)
  to   space 17920K, 0% used [0x0000000778300000,0x0000000778300000,0x0000000779480000)
 ParOldGen       total 159744K, used 26402K [0x00000006c1c00000, 0x00000006cb800000, 0x000000076b400000)
  object space 159744K, 16% used [0x00000006c1c00000,0x00000006c35c89e0,0x00000006cb800000)
 Metaspace       used 45864K, capacity 46412K, committed 46848K, reserved 1089536K
  class space    used 5986K, capacity 6105K, committed 6144K, reserved 1048576K
Event: 13.751 GC heap after
Heap after GC invocations=9 (full 2):
 PSYoungGen      total 229888K, used 17916K [0x000000076b400000, 0x0000000780380000, 0x00000007c0000000)
  eden space 211968K, 0% used [0x000000076b400000,0x000000076b400000,0x0000000778300000)
  from space 17920K, 99% used [0x0000000778300000,0x000000077947f180,0x0000000779480000)
  to   space 20480K, 0% used [0x000000077ef80000,0x000000077ef80000,0x0000000780380000)
 ParOldGen       total 159744K, used 27019K [0x00000006c1c00000, 0x00000006cb800000, 0x000000076b400000)
  object space 159744K, 16% used [0x00000006c1c00000,0x00000006c3662c20,0x00000006cb800000)
 Metaspace       used 45864K, capacity 46412K, committed 46848K, reserved 1089536K
  class space    used 5986K, capacity 6105K, committed 6144K, reserved 1048576K
}

